SF:lib/services/notes_controller.dart
DA:16,5
DA:21,6
DA:24,0
DA:27,6
DA:30,0
DA:33,0
DA:35,4
DA:36,4
DA:37,4
DA:38,8
DA:39,8
DA:40,8
DA:41,4
DA:42,4
DA:45,2
DA:46,2
DA:47,2
DA:50,2
DA:51,2
DA:52,6
DA:53,2
DA:56,3
DA:63,3
DA:64,6
DA:66,4
DA:67,1
DA:70,3
DA:71,3
DA:73,3
DA:75,3
DA:77,6
DA:78,3
DA:81,2
DA:82,10
DA:83,2
DA:84,6
DA:85,2
DA:88,1
DA:89,6
DA:90,2
DA:91,1
DA:94,0
DA:95,0
DA:96,0
DA:97,0
DA:98,0
DA:102,1
DA:104,5
DA:110,4
DA:111,4
DA:113,8
DA:114,4
DA:115,10
DA:116,5
DA:119,6
DA:120,7
DA:122,2
DA:123,2
DA:124,6
DA:125,2
DA:126,3
DA:127,2
DA:128,3
DA:129,2
DA:130,6
LF:65
LH:57
end_of_record
SF:lib/models/note.dart
DA:13,6
DA:22,16
DA:25,5
DA:26,11
DA:28,10
DA:29,10
DA:30,12
DA:31,3
DA:33,3
DA:34,8
DA:35,1
DA:40,12
DA:42,5
DA:49,5
DA:50,5
DA:51,4
DA:52,4
DA:53,1
DA:54,3
DA:58,1
DA:59,1
DA:60,1
DA:61,1
DA:62,1
DA:63,2
DA:64,2
DA:68,1
DA:69,1
DA:70,1
DA:71,1
DA:72,1
DA:73,1
DA:74,2
LF:33
LH:33
end_of_record
SF:lib/models/note_adapter.dart
DA:9,1
DA:11,1
DA:12,1
DA:13,2
DA:14,1
DA:15,2
DA:17,1
DA:18,1
DA:19,1
DA:20,1
DA:21,1
DA:22,2
DA:26,1
DA:28,1
DA:29,1
DA:30,2
DA:31,1
DA:32,2
DA:33,1
DA:34,2
DA:35,1
DA:36,2
DA:37,1
DA:38,3
DA:41,0
DA:42,0
DA:44,0
DA:46,0
LF:28
LH:24
end_of_record
SF:lib/services/repository_hive.dart
DA:10,3
DA:12,1
DA:14,1
DA:15,1
DA:16,1
DA:20,1
DA:23,2
DA:24,0
DA:28,1
DA:30,3
DA:33,2
DA:34,5
DA:35,3
DA:41,1
DA:43,2
DA:46,1
DA:48,3
DA:51,1
DA:53,2
DA:56,1
DA:58,2
LF:21
LH:20
end_of_record
SF:lib/home_page.dart
DA:12,2
DA:14,2
DA:15,2
DA:20,6
DA:28,2
DA:30,2
DA:31,6
DA:32,4
DA:37,4
DA:41,8
DA:42,4
DA:47,6
DA:48,2
DA:49,0
DA:51,5
DA:52,4
DA:56,2
DA:58,6
DA:59,4
DA:60,4
DA:61,4
DA:62,2
DA:65,1
DA:66,3
DA:69,0
DA:70,0
DA:71,0
DA:72,0
DA:73,0
DA:75,0
DA:80,1
DA:81,4
DA:82,2
DA:83,1
DA:86,0
DA:89,2
DA:91,4
DA:93,2
DA:94,2
DA:95,2
DA:96,1
DA:97,1
DA:106,2
DA:107,2
DA:108,2
DA:110,2
DA:111,6
DA:113,2
DA:117,2
DA:118,3
DA:119,1
DA:120,1
DA:122,1
DA:123,2
DA:124,3
DA:128,1
DA:130,4
DA:132,1
DA:134,3
DA:135,1
DA:155,2
DA:157,2
DA:158,6
DA:159,0
DA:164,2
DA:165,2
DA:166,4
DA:167,4
DA:170,2
DA:171,2
DA:175,4
DA:177,2
DA:179,2
LF:73
LH:64
end_of_record
SF:lib/providers/theme_provider.dart
DA:7,2
DA:10,1
DA:12,1
DA:13,1
DA:15,1
DA:20,1
DA:22,1
DA:23,2
DA:27,1
DA:28,2
DA:29,1
DA:30,2
DA:31,1
DA:33,1
DA:36,1
DA:37,1
DA:40,3
DA:41,3
DA:42,3
DA:43,3
DA:44,3
LF:21
LH:21
end_of_record
SF:lib/note_detail_page.dart
DA:11,2
DA:18,2
DA:19,2
DA:28,2
DA:30,2
DA:31,9
DA:32,4
DA:33,7
DA:36,7
DA:37,6
DA:40,2
DA:42,4
DA:43,4
DA:44,2
DA:47,1
DA:48,2
DA:49,2
DA:52,3
DA:53,2
DA:54,2
DA:57,4
DA:58,1
DA:63,2
DA:64,1
DA:65,1
DA:67,4
DA:75,2
DA:76,1
DA:77,1
DA:85,3
DA:86,2
DA:89,1
DA:91,1
DA:93,0
DA:94,0
DA:95,0
DA:96,0
DA:102,2
DA:104,2
DA:106,1
DA:110,0
DA:112,2
DA:113,2
DA:114,2
DA:115,2
DA:120,6
DA:121,6
DA:123,2
DA:125,2
DA:128,2
DA:129,2
DA:130,2
DA:131,4
DA:132,0
DA:134,2
DA:135,2
DA:136,4
DA:137,0
DA:142,2
DA:144,2
DA:146,2
DA:147,4
DA:148,1
DA:150,3
DA:151,0
DA:152,0
DA:153,0
DA:154,0
DA:156,0
DA:158,0
DA:159,0
DA:163,0
DA:164,0
DA:165,0
DA:168,0
DA:169,0
DA:170,0
DA:172,0
DA:173,0
DA:180,0
DA:181,0
DA:183,0
DA:184,0
DA:185,0
DA:187,0
DA:189,0
DA:190,0
DA:196,1
DA:198,3
DA:201,2
DA:203,2
DA:209,2
DA:211,2
DA:212,2
DA:214,2
DA:215,2
DA:216,2
DA:217,2
DA:218,6
DA:247,2
DA:248,2
DA:249,2
DA:250,2
DA:251,2
DA:252,8
DA:260,4
DA:261,2
DA:262,2
DA:263,2
DA:264,2
DA:267,6
LF:111
LH:81
end_of_record
SF:lib/widgets/empty_state.dart
DA:1,20
LF:1
LH:1
end_of_record
SF:lib/widgets/note_list.dart
DA:12,2
DA:14,0
DA:15,0
DA:16,0
DA:18,0
DA:23,2
DA:24,2
DA:26,18
DA:28,6
DA:30,3
DA:33,2
DA:35,2
DA:36,4
DA:37,2
DA:38,4
DA:39,2
DA:40,4
DA:42,0
DA:43,0
DA:45,0
DA:46,0
DA:50,0
DA:51,0
DA:52,0
DA:55,0
DA:56,0
DA:57,0
DA:59,0
DA:60,0
DA:69,2
DA:70,2
DA:88,0
DA:89,0
DA:90,0
DA:91,0
DA:93,0
DA:95,0
DA:100,2
DA:101,2
DA:102,2
DA:103,2
DA:104,6
DA:106,5
DA:107,2
DA:109,2
DA:110,6
DA:114,2
DA:116,2
DA:117,6
DA:118,1
DA:119,2
DA:122,3
DA:124,2
DA:125,4
DA:126,2
DA:127,2
DA:128,2
DA:129,10
DA:133,0
LF:59
LH:36
end_of_record
SF:lib/models/settings.dart
DA:9,2
DA:11,1
DA:12,1
DA:13,1
DA:14,1
LF:5
LH:5
end_of_record
SF:lib/services/settings_service.dart
DA:9,6
DA:11,2
DA:12,4
DA:15,5
DA:17,2
DA:19,2
DA:20,2
DA:23,4
DA:24,2
LF:9
LH:9
end_of_record
SF:lib/models/settings_adapter.dart
DA:9,1
DA:11,1
DA:12,1
DA:13,2
DA:14,1
DA:15,2
DA:17,1
DA:18,1
DA:19,1
DA:23,2
DA:25,2
DA:26,2
DA:27,4
DA:28,2
DA:29,4
DA:32,0
DA:33,0
DA:35,0
DA:37,0
LF:19
LH:15
end_of_record
