SF:lib/models/note.dart
DA:14,6
DA:26,16
DA:29,5
DA:30,11
DA:32,10
DA:33,10
DA:34,13
DA:35,4
DA:37,1
DA:43,12
DA:45,4
DA:57,4
DA:58,4
DA:59,3
DA:60,3
DA:61,2
DA:62,3
DA:63,4
DA:64,4
DA:65,4
DA:69,1
DA:70,1
DA:71,1
DA:72,1
DA:73,1
DA:74,2
DA:75,2
DA:76,5
DA:77,1
DA:78,1
DA:82,1
DA:83,1
DA:84,1
DA:85,1
DA:86,1
DA:87,1
DA:88,2
DA:89,1
DA:90,1
DA:91,1
LF:40
LH:40
end_of_record
SF:lib/models/settings.dart
DA:14,3
DA:24,1
DA:25,1
DA:26,1
DA:27,1
DA:34,2
DA:44,2
DA:45,2
DA:46,1
DA:47,2
DA:48,2
DA:49,2
DA:50,2
DA:51,2
LF:14
LH:14
end_of_record
SF:lib/models/settings_adapter.dart
DA:9,2
DA:11,2
DA:12,2
DA:13,4
DA:14,2
DA:15,4
DA:17,2
DA:18,2
DA:19,2
DA:20,2
DA:21,2
DA:22,2
DA:23,2
DA:24,2
DA:28,3
DA:30,3
DA:31,3
DA:32,6
DA:33,3
DA:34,6
DA:35,3
DA:36,6
DA:37,3
DA:38,6
DA:39,3
DA:40,6
DA:41,3
DA:42,6
DA:43,3
DA:44,6
DA:47,0
DA:48,0
DA:50,0
DA:52,0
LF:34
LH:30
end_of_record
SF:lib/services/box_names.dart
DA:3,0
LF:1
LH:0
end_of_record
SF:lib/services/settings_service.dart
DA:9,15
DA:11,5
DA:12,9
DA:15,5
DA:17,2
DA:19,2
DA:20,2
DA:23,5
DA:26,7
DA:28,1
DA:29,4
DA:32,3
DA:34,1
DA:35,4
DA:38,3
DA:40,1
DA:41,4
DA:44,3
DA:46,1
DA:47,4
DA:50,3
DA:52,1
DA:53,4
DA:58,6
DA:61,2
DA:63,8
DA:65,8
LF:27
LH:27
end_of_record
SF:lib/providers/theme_provider.dart
DA:7,2
DA:10,1
DA:12,1
DA:13,1
DA:15,1
DA:20,1
DA:22,1
DA:23,2
DA:27,1
DA:28,2
DA:29,1
DA:30,2
DA:31,1
DA:33,1
DA:36,1
DA:37,1
DA:40,3
DA:41,3
DA:42,3
DA:43,3
DA:44,3
LF:21
LH:21
end_of_record
SF:lib/models/note_adapter.dart
DA:9,1
DA:11,1
DA:12,1
DA:13,2
DA:14,1
DA:15,2
DA:17,1
DA:18,1
DA:19,1
DA:20,1
DA:21,1
DA:22,2
DA:23,2
DA:24,1
DA:25,1
DA:29,1
DA:31,1
DA:32,1
DA:33,2
DA:34,1
DA:35,2
DA:36,1
DA:37,2
DA:38,1
DA:39,2
DA:40,1
DA:41,3
DA:42,1
DA:43,2
DA:44,1
DA:45,2
DA:46,1
DA:47,2
DA:50,0
DA:51,0
DA:53,0
DA:55,0
LF:37
LH:33
end_of_record
SF:lib/services/repository_hive.dart
DA:10,3
DA:11,0
DA:13,1
DA:15,1
DA:16,1
DA:19,0
DA:22,0
DA:23,0
DA:27,1
DA:29,3
DA:32,1
DA:34,2
DA:37,1
DA:39,3
DA:42,1
DA:44,2
DA:47,1
DA:49,2
DA:54,0
DA:56,0
DA:59,0
DA:61,0
DA:64,0
DA:66,0
LF:24
LH:14
end_of_record
SF:lib/models/folder.dart
DA:6,4
DA:12,2
DA:17,2
DA:18,2
DA:19,1
DA:20,2
LF:6
LH:6
end_of_record
SF:lib/widgets/empty_state.dart
DA:9,3
DA:11,3
DA:13,3
DA:14,3
DA:15,3
DA:16,8
DA:18,9
LF:7
LH:7
end_of_record
SF:lib/l10n/app_localizations.dart
DA:81,7
DA:82,14
DA:86,7
DA:87,7
DA:475,1
DA:477,7
DA:479,14
DA:482,7
DA:483,7
DA:502,14
DA:504,0
DA:508,7
DA:510,7
DA:511,7
DA:513,0
DA:514,0
DA:515,0
DA:519,7
DA:521,0
DA:522,0
DA:523,0
DA:527,7
DA:529,0
DA:530,0
DA:531,0
DA:538,7
DA:539,7
DA:540,0
DA:541,7
DA:542,0
DA:543,7
DA:544,7
DA:545,0
DA:546,0
DA:547,0
DA:548,0
DA:549,0
DA:550,0
DA:551,0
DA:552,0
DA:553,0
DA:554,0
DA:555,0
DA:556,0
DA:557,0
DA:558,0
DA:559,0
DA:560,0
DA:561,0
DA:562,0
DA:563,0
DA:564,0
DA:565,0
DA:566,0
DA:567,0
DA:568,0
DA:569,0
DA:570,0
DA:571,0
DA:572,0
DA:573,0
DA:574,0
DA:577,0
LF:63
LH:20
end_of_record
SF:lib/l10n/app_localizations_ar.dart
DA:9,0
DA:11,0
DA:14,0
DA:17,0
DA:20,0
DA:23,0
DA:26,0
DA:29,0
DA:32,0
DA:35,0
DA:38,0
DA:41,0
DA:44,0
DA:47,0
DA:50,0
DA:53,0
DA:56,0
DA:60,0
DA:63,0
DA:66,0
DA:69,0
DA:72,0
DA:75,0
DA:78,0
DA:81,0
DA:84,0
DA:87,0
DA:90,0
DA:93,0
DA:96,0
DA:99,0
DA:102,0
DA:105,0
DA:108,0
DA:111,0
DA:114,0
DA:117,0
DA:120,0
DA:123,0
DA:126,0
DA:129,0
DA:132,0
DA:134,0
DA:137,0
DA:139,0
DA:142,0
DA:145,0
DA:148,0
DA:151,0
DA:154,0
DA:157,0
DA:160,0
DA:163,0
DA:166,0
DA:169,0
DA:172,0
DA:175,0
DA:178,0
DA:181,0
DA:183,0
LF:60
LH:0
end_of_record
SF:lib/l10n/app_localizations_de.dart
DA:9,0
DA:11,0
DA:14,0
DA:17,0
DA:20,0
DA:24,0
DA:27,0
DA:30,0
DA:33,0
DA:36,0
DA:39,0
DA:42,0
DA:45,0
DA:48,0
DA:51,0
DA:54,0
DA:57,0
DA:61,0
DA:64,0
DA:67,0
DA:70,0
DA:73,0
DA:76,0
DA:80,0
DA:83,0
DA:86,0
DA:89,0
DA:92,0
DA:95,0
DA:98,0
DA:101,0
DA:104,0
DA:107,0
DA:110,0
DA:113,0
DA:116,0
DA:119,0
DA:122,0
DA:125,0
DA:128,0
DA:131,0
DA:134,0
DA:136,0
DA:139,0
DA:141,0
DA:144,0
DA:147,0
DA:150,0
DA:153,0
DA:156,0
DA:159,0
DA:162,0
DA:165,0
DA:168,0
DA:171,0
DA:174,0
DA:177,0
DA:180,0
DA:183,0
DA:185,0
LF:60
LH:0
end_of_record
SF:lib/l10n/app_localizations_en.dart
DA:9,14
DA:11,2
DA:14,1
DA:17,3
DA:20,2
DA:23,3
DA:26,2
DA:29,2
DA:32,0
DA:35,1
DA:38,0
DA:41,1
DA:44,1
DA:47,0
DA:50,0
DA:53,0
DA:56,0
DA:60,0
DA:63,4
DA:66,2
DA:69,3
DA:72,2
DA:75,2
DA:78,1
DA:81,1
DA:84,2
DA:87,2
DA:90,2
DA:93,2
DA:96,2
DA:99,2
DA:102,1
DA:105,3
DA:108,3
DA:111,2
DA:114,1
DA:117,1
DA:120,0
DA:123,0
DA:126,1
DA:129,1
DA:132,1
DA:134,1
DA:137,1
DA:139,1
DA:142,1
DA:145,1
DA:148,1
DA:151,1
DA:154,1
DA:157,1
DA:160,1
DA:163,1
DA:166,1
DA:169,1
DA:172,2
DA:175,1
DA:178,1
DA:181,0
DA:183,0
LF:60
LH:49
end_of_record
SF:lib/l10n/app_localizations_es.dart
DA:9,0
DA:11,0
DA:14,0
DA:17,0
DA:20,0
DA:23,0
DA:26,0
DA:29,0
DA:32,0
DA:35,0
DA:38,0
DA:41,0
DA:44,0
DA:47,0
DA:50,0
DA:53,0
DA:56,0
DA:60,0
DA:63,0
DA:66,0
DA:69,0
DA:72,0
DA:75,0
DA:79,0
DA:82,0
DA:85,0
DA:88,0
DA:91,0
DA:94,0
DA:97,0
DA:100,0
DA:103,0
DA:106,0
DA:109,0
DA:112,0
DA:115,0
DA:118,0
DA:121,0
DA:124,0
DA:127,0
DA:130,0
DA:133,0
DA:135,0
DA:138,0
DA:140,0
DA:143,0
DA:146,0
DA:149,0
DA:152,0
DA:155,0
DA:158,0
DA:161,0
DA:164,0
DA:167,0
DA:170,0
DA:173,0
DA:176,0
DA:179,0
DA:182,0
DA:184,0
DA:190,0
DA:192,0
DA:195,0
DA:198,0
DA:201,0
DA:205,0
DA:208,0
DA:211,0
DA:214,0
DA:217,0
DA:220,0
DA:223,0
DA:226,0
DA:229,0
DA:232,0
DA:235,0
DA:238,0
DA:242,0
DA:245,0
DA:248,0
DA:251,0
DA:254,0
DA:257,0
DA:261,0
DA:264,0
DA:267,0
DA:270,0
DA:273,0
DA:276,0
DA:279,0
DA:282,0
DA:285,0
DA:288,0
DA:291,0
DA:294,0
DA:297,0
DA:300,0
DA:303,0
DA:306,0
DA:309,0
DA:312,0
DA:315,0
DA:317,0
DA:320,0
DA:322,0
DA:325,0
DA:328,0
DA:331,0
DA:334,0
DA:337,0
DA:340,0
DA:343,0
DA:346,0
DA:349,0
DA:352,0
DA:355,0
DA:358,0
DA:361,0
DA:364,0
DA:366,0
LF:120
LH:0
end_of_record
SF:lib/l10n/app_localizations_fr.dart
DA:9,0
DA:11,0
DA:14,0
DA:17,0
DA:20,0
DA:24,0
DA:27,0
DA:30,0
DA:33,0
DA:36,0
DA:39,0
DA:42,0
DA:45,0
DA:48,0
DA:51,0
DA:54,0
DA:57,0
DA:61,0
DA:64,0
DA:67,0
DA:70,0
DA:73,0
DA:76,0
DA:80,0
DA:83,0
DA:86,0
DA:89,0
DA:92,0
DA:95,0
DA:98,0
DA:101,0
DA:104,0
DA:107,0
DA:110,0
DA:113,0
DA:116,0
DA:119,0
DA:122,0
DA:125,0
DA:128,0
DA:131,0
DA:135,0
DA:137,0
DA:140,0
DA:142,0
DA:145,0
DA:148,0
DA:151,0
DA:154,0
DA:157,0
DA:160,0
DA:163,0
DA:166,0
DA:169,0
DA:172,0
DA:175,0
DA:178,0
DA:181,0
DA:184,0
DA:186,0
LF:60
LH:0
end_of_record
SF:lib/l10n/app_localizations_hi.dart
DA:9,0
DA:11,0
DA:14,0
DA:17,0
DA:20,0
DA:23,0
DA:26,0
DA:29,0
DA:32,0
DA:35,0
DA:38,0
DA:41,0
DA:44,0
DA:47,0
DA:50,0
DA:53,0
DA:56,0
DA:60,0
DA:63,0
DA:66,0
DA:69,0
DA:72,0
DA:75,0
DA:78,0
DA:81,0
DA:84,0
DA:87,0
DA:90,0
DA:93,0
DA:96,0
DA:99,0
DA:102,0
DA:105,0
DA:108,0
DA:111,0
DA:114,0
DA:117,0
DA:120,0
DA:123,0
DA:126,0
DA:129,0
DA:132,0
DA:134,0
DA:137,0
DA:139,0
DA:142,0
DA:145,0
DA:148,0
DA:151,0
DA:154,0
DA:157,0
DA:160,0
DA:163,0
DA:166,0
DA:169,0
DA:172,0
DA:175,0
DA:178,0
DA:181,0
DA:183,0
LF:60
LH:0
end_of_record
SF:lib/l10n/app_localizations_id.dart
DA:9,0
DA:11,0
DA:14,0
DA:17,0
DA:20,0
DA:24,0
DA:27,0
DA:30,0
DA:33,0
DA:36,0
DA:39,0
DA:42,0
DA:45,0
DA:48,0
DA:51,0
DA:54,0
DA:57,0
DA:61,0
DA:64,0
DA:67,0
DA:70,0
DA:73,0
DA:76,0
DA:80,0
DA:83,0
DA:86,0
DA:89,0
DA:92,0
DA:95,0
DA:98,0
DA:101,0
DA:104,0
DA:107,0
DA:110,0
DA:113,0
DA:116,0
DA:119,0
DA:122,0
DA:125,0
DA:128,0
DA:131,0
DA:134,0
DA:136,0
DA:139,0
DA:141,0
DA:144,0
DA:147,0
DA:150,0
DA:153,0
DA:156,0
DA:159,0
DA:162,0
DA:165,0
DA:168,0
DA:171,0
DA:174,0
DA:177,0
DA:180,0
DA:183,0
DA:185,0
LF:60
LH:0
end_of_record
SF:lib/l10n/app_localizations_it.dart
DA:9,0
DA:11,0
DA:14,0
DA:17,0
DA:20,0
DA:23,0
DA:26,0
DA:29,0
DA:32,0
DA:35,0
DA:38,0
DA:41,0
DA:44,0
DA:47,0
DA:50,0
DA:53,0
DA:56,0
DA:60,0
DA:63,0
DA:66,0
DA:69,0
DA:72,0
DA:75,0
DA:78,0
DA:81,0
DA:84,0
DA:87,0
DA:90,0
DA:93,0
DA:96,0
DA:99,0
DA:102,0
DA:105,0
DA:108,0
DA:111,0
DA:114,0
DA:117,0
DA:120,0
DA:123,0
DA:126,0
DA:129,0
DA:132,0
DA:134,0
DA:137,0
DA:139,0
DA:142,0
DA:145,0
DA:148,0
DA:151,0
DA:154,0
DA:157,0
DA:160,0
DA:163,0
DA:166,0
DA:169,0
DA:172,0
DA:175,0
DA:178,0
DA:181,0
DA:183,0
LF:60
LH:0
end_of_record
SF:lib/l10n/app_localizations_ja.dart
DA:9,0
DA:11,0
DA:14,0
DA:17,0
DA:20,0
DA:23,0
DA:26,0
DA:29,0
DA:32,0
DA:35,0
DA:38,0
DA:41,0
DA:44,0
DA:47,0
DA:50,0
DA:53,0
DA:56,0
DA:59,0
DA:62,0
DA:65,0
DA:68,0
DA:71,0
DA:74,0
DA:77,0
DA:80,0
DA:83,0
DA:86,0
DA:89,0
DA:92,0
DA:95,0
DA:98,0
DA:101,0
DA:104,0
DA:107,0
DA:110,0
DA:113,0
DA:116,0
DA:119,0
DA:122,0
DA:125,0
DA:128,0
DA:131,0
DA:133,0
DA:136,0
DA:138,0
DA:141,0
DA:144,0
DA:147,0
DA:150,0
DA:153,0
DA:156,0
DA:159,0
DA:162,0
DA:165,0
DA:168,0
DA:171,0
DA:174,0
DA:177,0
DA:180,0
DA:182,0
LF:60
LH:0
end_of_record
SF:lib/l10n/app_localizations_ko.dart
DA:9,0
DA:11,0
DA:14,0
DA:17,0
DA:20,0
DA:23,0
DA:26,0
DA:29,0
DA:32,0
DA:35,0
DA:38,0
DA:41,0
DA:44,0
DA:47,0
DA:50,0
DA:53,0
DA:56,0
DA:59,0
DA:62,0
DA:65,0
DA:68,0
DA:71,0
DA:74,0
DA:77,0
DA:80,0
DA:83,0
DA:86,0
DA:89,0
DA:92,0
DA:95,0
DA:98,0
DA:101,0
DA:104,0
DA:107,0
DA:110,0
DA:113,0
DA:116,0
DA:119,0
DA:122,0
DA:125,0
DA:128,0
DA:131,0
DA:133,0
DA:136,0
DA:138,0
DA:141,0
DA:144,0
DA:147,0
DA:150,0
DA:153,0
DA:156,0
DA:159,0
DA:162,0
DA:165,0
DA:168,0
DA:171,0
DA:174,0
DA:177,0
DA:180,0
DA:182,0
LF:60
LH:0
end_of_record
SF:lib/l10n/app_localizations_nl.dart
DA:9,0
DA:11,0
DA:14,0
DA:17,0
DA:20,0
DA:24,0
DA:27,0
DA:30,0
DA:33,0
DA:36,0
DA:39,0
DA:42,0
DA:45,0
DA:48,0
DA:51,0
DA:54,0
DA:57,0
DA:61,0
DA:64,0
DA:67,0
DA:70,0
DA:73,0
DA:76,0
DA:80,0
DA:83,0
DA:86,0
DA:89,0
DA:92,0
DA:95,0
DA:98,0
DA:101,0
DA:104,0
DA:107,0
DA:110,0
DA:113,0
DA:116,0
DA:119,0
DA:122,0
DA:125,0
DA:128,0
DA:131,0
DA:134,0
DA:136,0
DA:139,0
DA:141,0
DA:144,0
DA:147,0
DA:150,0
DA:153,0
DA:156,0
DA:159,0
DA:162,0
DA:165,0
DA:168,0
DA:171,0
DA:174,0
DA:177,0
DA:180,0
DA:183,0
DA:185,0
LF:60
LH:0
end_of_record
SF:lib/l10n/app_localizations_pl.dart
DA:9,0
DA:11,0
DA:14,0
DA:17,0
DA:20,0
DA:23,0
DA:26,0
DA:29,0
DA:32,0
DA:35,0
DA:38,0
DA:41,0
DA:44,0
DA:47,0
DA:50,0
DA:53,0
DA:56,0
DA:60,0
DA:63,0
DA:66,0
DA:69,0
DA:72,0
DA:75,0
DA:78,0
DA:81,0
DA:84,0
DA:87,0
DA:90,0
DA:93,0
DA:96,0
DA:99,0
DA:102,0
DA:105,0
DA:108,0
DA:111,0
DA:114,0
DA:117,0
DA:120,0
DA:123,0
DA:126,0
DA:129,0
DA:132,0
DA:134,0
DA:137,0
DA:139,0
DA:142,0
DA:145,0
DA:148,0
DA:151,0
DA:154,0
DA:157,0
DA:160,0
DA:163,0
DA:166,0
DA:169,0
DA:172,0
DA:175,0
DA:178,0
DA:181,0
DA:183,0
LF:60
LH:0
end_of_record
SF:lib/l10n/app_localizations_pt.dart
DA:9,0
DA:11,0
DA:14,0
DA:17,0
DA:20,0
DA:23,0
DA:26,0
DA:29,0
DA:32,0
DA:35,0
DA:38,0
DA:41,0
DA:44,0
DA:47,0
DA:50,0
DA:53,0
DA:56,0
DA:60,0
DA:63,0
DA:66,0
DA:69,0
DA:72,0
DA:75,0
DA:79,0
DA:82,0
DA:85,0
DA:88,0
DA:91,0
DA:94,0
DA:97,0
DA:100,0
DA:103,0
DA:106,0
DA:109,0
DA:112,0
DA:115,0
DA:118,0
DA:121,0
DA:124,0
DA:127,0
DA:130,0
DA:133,0
DA:135,0
DA:138,0
DA:140,0
DA:143,0
DA:146,0
DA:149,0
DA:152,0
DA:155,0
DA:158,0
DA:161,0
DA:164,0
DA:167,0
DA:170,0
DA:173,0
DA:176,0
DA:179,0
DA:182,0
DA:184,0
DA:190,0
DA:192,0
DA:195,0
DA:198,0
DA:201,0
DA:204,0
DA:207,0
DA:210,0
DA:213,0
DA:216,0
DA:219,0
DA:222,0
DA:225,0
DA:228,0
DA:231,0
DA:234,0
DA:237,0
DA:241,0
DA:244,0
DA:247,0
DA:250,0
DA:253,0
DA:256,0
DA:260,0
DA:263,0
DA:266,0
DA:269,0
DA:272,0
DA:275,0
DA:278,0
DA:281,0
DA:284,0
DA:287,0
DA:290,0
DA:293,0
DA:296,0
DA:299,0
DA:302,0
DA:305,0
DA:308,0
DA:311,0
DA:314,0
DA:316,0
DA:319,0
DA:321,0
DA:324,0
DA:327,0
DA:330,0
DA:333,0
DA:336,0
DA:339,0
DA:342,0
DA:345,0
DA:348,0
DA:351,0
DA:354,0
DA:357,0
DA:360,0
DA:363,0
DA:365,0
LF:120
LH:0
end_of_record
SF:lib/l10n/app_localizations_ru.dart
DA:9,0
DA:11,0
DA:14,0
DA:17,0
DA:20,0
DA:23,0
DA:26,0
DA:29,0
DA:32,0
DA:35,0
DA:38,0
DA:41,0
DA:44,0
DA:47,0
DA:50,0
DA:53,0
DA:56,0
DA:60,0
DA:63,0
DA:66,0
DA:69,0
DA:72,0
DA:75,0
DA:78,0
DA:81,0
DA:84,0
DA:87,0
DA:90,0
DA:93,0
DA:96,0
DA:99,0
DA:102,0
DA:105,0
DA:108,0
DA:111,0
DA:114,0
DA:117,0
DA:120,0
DA:123,0
DA:126,0
DA:129,0
DA:132,0
DA:134,0
DA:137,0
DA:139,0
DA:142,0
DA:145,0
DA:148,0
DA:151,0
DA:154,0
DA:157,0
DA:160,0
DA:163,0
DA:166,0
DA:169,0
DA:172,0
DA:175,0
DA:178,0
DA:181,0
DA:183,0
LF:60
LH:0
end_of_record
SF:lib/l10n/app_localizations_sv.dart
DA:9,0
DA:11,0
DA:14,0
DA:17,0
DA:20,0
DA:23,0
DA:26,0
DA:29,0
DA:32,0
DA:35,0
DA:38,0
DA:41,0
DA:44,0
DA:47,0
DA:50,0
DA:53,0
DA:56,0
DA:60,0
DA:63,0
DA:66,0
DA:69,0
DA:72,0
DA:75,0
DA:79,0
DA:82,0
DA:85,0
DA:88,0
DA:91,0
DA:94,0
DA:97,0
DA:100,0
DA:103,0
DA:106,0
DA:109,0
DA:112,0
DA:115,0
DA:118,0
DA:121,0
DA:124,0
DA:127,0
DA:130,0
DA:133,0
DA:135,0
DA:138,0
DA:140,0
DA:143,0
DA:146,0
DA:149,0
DA:152,0
DA:155,0
DA:158,0
DA:161,0
DA:164,0
DA:167,0
DA:170,0
DA:173,0
DA:176,0
DA:179,0
DA:182,0
DA:184,0
LF:60
LH:0
end_of_record
SF:lib/l10n/app_localizations_tr.dart
DA:9,0
DA:11,0
DA:14,0
DA:17,0
DA:20,0
DA:23,0
DA:26,0
DA:29,0
DA:32,0
DA:35,0
DA:38,0
DA:41,0
DA:44,0
DA:47,0
DA:50,0
DA:53,0
DA:56,0
DA:60,0
DA:63,0
DA:66,0
DA:69,0
DA:72,0
DA:75,0
DA:78,0
DA:81,0
DA:84,0
DA:87,0
DA:90,0
DA:93,0
DA:96,0
DA:99,0
DA:102,0
DA:105,0
DA:108,0
DA:111,0
DA:114,0
DA:117,0
DA:120,0
DA:123,0
DA:126,0
DA:129,0
DA:132,0
DA:134,0
DA:137,0
DA:139,0
DA:142,0
DA:145,0
DA:148,0
DA:151,0
DA:154,0
DA:157,0
DA:160,0
DA:163,0
DA:166,0
DA:169,0
DA:172,0
DA:175,0
DA:178,0
DA:181,0
DA:183,0
LF:60
LH:0
end_of_record
SF:lib/l10n/app_localizations_vi.dart
DA:9,0
DA:11,0
DA:14,0
DA:17,0
DA:20,0
DA:24,0
DA:27,0
DA:30,0
DA:33,0
DA:36,0
DA:39,0
DA:42,0
DA:45,0
DA:48,0
DA:51,0
DA:54,0
DA:57,0
DA:61,0
DA:64,0
DA:67,0
DA:70,0
DA:73,0
DA:76,0
DA:79,0
DA:82,0
DA:85,0
DA:88,0
DA:91,0
DA:94,0
DA:97,0
DA:100,0
DA:103,0
DA:106,0
DA:109,0
DA:112,0
DA:115,0
DA:118,0
DA:121,0
DA:124,0
DA:127,0
DA:130,0
DA:133,0
DA:135,0
DA:138,0
DA:140,0
DA:143,0
DA:146,0
DA:149,0
DA:152,0
DA:155,0
DA:158,0
DA:161,0
DA:164,0
DA:167,0
DA:170,0
DA:173,0
DA:176,0
DA:179,0
DA:182,0
DA:184,0
LF:60
LH:0
end_of_record
SF:lib/l10n/app_localizations_zh.dart
DA:9,0
DA:11,0
DA:14,0
DA:17,0
DA:20,0
DA:23,0
DA:26,0
DA:29,0
DA:32,0
DA:35,0
DA:38,0
DA:41,0
DA:44,0
DA:47,0
DA:50,0
DA:53,0
DA:56,0
DA:59,0
DA:62,0
DA:65,0
DA:68,0
DA:71,0
DA:74,0
DA:77,0
DA:80,0
DA:83,0
DA:86,0
DA:89,0
DA:92,0
DA:95,0
DA:98,0
DA:101,0
DA:104,0
DA:107,0
DA:110,0
DA:113,0
DA:116,0
DA:119,0
DA:122,0
DA:125,0
DA:128,0
DA:131,0
DA:133,0
DA:136,0
DA:138,0
DA:141,0
DA:144,0
DA:147,0
DA:150,0
DA:153,0
DA:156,0
DA:159,0
DA:162,0
DA:165,0
DA:168,0
DA:171,0
DA:174,0
DA:177,0
DA:180,0
DA:182,0
DA:188,0
DA:190,0
DA:193,0
DA:196,0
DA:199,0
DA:202,0
DA:205,0
DA:208,0
DA:211,0
DA:214,0
DA:217,0
DA:220,0
DA:223,0
DA:226,0
DA:229,0
DA:232,0
DA:235,0
DA:238,0
DA:241,0
DA:244,0
DA:247,0
DA:250,0
DA:253,0
DA:256,0
DA:259,0
DA:262,0
DA:265,0
DA:268,0
DA:271,0
DA:274,0
DA:277,0
DA:280,0
DA:283,0
DA:286,0
DA:289,0
DA:292,0
DA:295,0
DA:298,0
DA:301,0
DA:304,0
DA:307,0
DA:310,0
DA:312,0
DA:315,0
DA:317,0
DA:320,0
DA:323,0
DA:326,0
DA:329,0
DA:332,0
DA:335,0
DA:338,0
DA:341,0
DA:344,0
DA:347,0
DA:350,0
DA:353,0
DA:356,0
DA:359,0
DA:361,0
LF:120
LH:0
end_of_record
SF:lib/home_page.dart
DA:17,2
DA:19,2
DA:20,2
DA:25,6
DA:33,2
DA:35,2
DA:36,6
DA:37,4
DA:42,4
DA:46,8
DA:47,4
DA:50,5
DA:51,4
DA:54,2
DA:57,2
DA:59,6
DA:60,4
DA:61,4
DA:62,4
DA:63,2
DA:66,2
DA:67,2
DA:68,4
DA:69,4
DA:70,4
DA:73,4
DA:74,4
DA:77,4
DA:79,4
DA:83,2
DA:85,2
DA:86,4
DA:87,0
DA:88,0
DA:89,0
DA:91,0
DA:92,0
DA:93,0
DA:96,4
DA:97,4
DA:98,4
DA:99,4
DA:102,4
DA:103,0
DA:107,0
DA:108,0
DA:109,0
DA:110,0
DA:111,0
DA:113,0
DA:118,1
DA:119,4
DA:120,2
DA:121,1
DA:124,0
DA:125,0
DA:126,0
DA:128,0
DA:132,0
DA:133,0
DA:134,0
DA:135,0
DA:139,1
DA:142,1
DA:144,1
DA:149,1
DA:150,1
DA:151,1
DA:152,1
DA:153,1
DA:154,1
DA:155,1
DA:156,1
DA:157,2
DA:158,1
DA:159,4
DA:161,1
DA:162,1
DA:165,1
DA:166,5
DA:167,1
DA:168,2
DA:171,1
DA:172,3
DA:175,3
DA:176,3
DA:179,0
DA:180,0
DA:181,0
DA:182,0
DA:185,1
DA:186,2
DA:189,1
DA:190,3
DA:193,3
DA:194,0
DA:197,0
DA:198,0
DA:199,0
DA:200,0
DA:203,1
DA:204,2
DA:207,1
DA:208,3
DA:211,3
DA:212,3
DA:215,1
DA:216,2
DA:217,0
DA:218,2
DA:221,1
DA:222,2
DA:225,1
DA:226,3
DA:229,3
DA:230,0
DA:233,0
DA:234,0
DA:235,0
DA:236,0
DA:240,1
DA:241,2
DA:242,2
DA:243,0
DA:244,0
DA:245,0
DA:246,0
DA:249,1
DA:250,2
DA:251,2
DA:252,0
DA:253,0
DA:254,0
DA:255,0
DA:258,1
DA:259,2
DA:260,2
DA:261,0
DA:262,0
DA:263,0
DA:264,0
DA:267,1
DA:268,2
DA:269,2
DA:270,0
DA:271,0
DA:272,0
DA:273,0
DA:277,1
DA:287,1
DA:288,1
DA:289,3
DA:290,2
DA:325,0
DA:326,0
DA:327,0
DA:329,0
DA:332,1
DA:338,1
DA:339,0
DA:341,0
DA:342,1
DA:344,1
DA:346,1
DA:347,5
DA:349,1
DA:350,1
DA:351,0
DA:352,0
DA:354,0
DA:357,0
DA:358,0
DA:362,0
DA:363,0
DA:364,0
DA:366,0
DA:367,0
DA:371,1
DA:372,1
DA:373,2
DA:377,1
DA:378,1
DA:381,2
DA:391,0
DA:393,2
DA:395,2
DA:396,4
DA:397,4
DA:399,2
DA:400,2
DA:401,2
DA:402,1
DA:403,1
DA:405,1
DA:406,1
DA:410,4
DA:412,2
DA:413,2
DA:414,2
DA:416,2
DA:417,6
DA:419,2
DA:423,2
DA:424,2
DA:425,1
DA:427,1
DA:428,2
DA:429,3
DA:433,2
DA:437,4
DA:439,2
DA:441,2
DA:442,2
DA:444,2
DA:446,2
DA:447,2
DA:449,2
DA:451,2
DA:452,6
DA:453,0
DA:454,2
DA:459,2
DA:460,2
DA:461,4
DA:462,4
DA:465,2
DA:466,2
DA:470,4
DA:472,2
DA:473,2
DA:475,4
DA:476,0
DA:478,0
DA:479,0
DA:480,0
DA:482,0
DA:483,0
DA:484,0
DA:485,0
DA:486,0
DA:487,0
DA:491,0
DA:492,0
DA:493,0
DA:496,0
DA:500,0
DA:505,2
DA:506,2
DA:507,2
DA:508,8
DA:510,1
DA:511,1
DA:513,2
DA:514,2
DA:530,0
DA:537,0
DA:538,0
DA:545,0
DA:547,0
DA:548,0
DA:549,0
DA:553,0
DA:555,0
DA:556,0
DA:559,0
DA:563,0
DA:565,0
DA:566,0
DA:567,0
DA:568,0
DA:569,0
DA:571,0
DA:572,0
DA:574,0
DA:575,0
DA:576,0
DA:578,0
DA:579,0
DA:581,0
DA:584,0
DA:585,0
DA:586,0
DA:587,0
DA:589,0
DA:591,0
DA:592,0
DA:593,0
DA:594,0
DA:596,0
DA:597,0
DA:598,0
DA:599,0
DA:600,0
DA:601,0
DA:610,0
DA:615,0
DA:616,0
DA:619,0
DA:621,0
LF:299
LH:169
end_of_record
SF:lib/providers/locale_provider.dart
DA:8,4
DA:11,1
DA:13,1
DA:14,1
DA:15,2
DA:17,0
DA:22,1
DA:23,1
DA:25,1
DA:26,2
DA:28,1
DA:32,1
DA:33,1
DA:34,1
DA:35,2
DA:36,3
DA:38,2
DA:42,1
DA:43,3
DA:44,3
DA:46,1
LF:21
LH:20
end_of_record
SF:lib/services/notes_controller.dart
DA:17,7
DA:23,6
DA:26,2
DA:29,4
DA:32,4
DA:35,6
DA:38,6
DA:42,8
DA:45,9
DA:48,2
DA:51,4
DA:55,4
DA:58,8
DA:60,6
DA:61,6
DA:62,6
DA:63,12
DA:64,18
DA:65,18
DA:66,6
DA:67,6
DA:68,6
DA:71,6
DA:72,18
DA:75,2
DA:76,2
DA:77,2
DA:78,2
DA:81,2
DA:82,2
DA:83,2
DA:84,2
DA:87,3
DA:88,3
DA:89,3
DA:92,3
DA:93,3
DA:94,3
DA:97,3
DA:98,3
DA:99,3
DA:102,3
DA:103,3
DA:104,3
DA:108,2
DA:109,2
DA:110,2
DA:111,2
DA:115,2
DA:116,2
DA:117,2
DA:118,2
DA:119,2
DA:121,4
DA:122,8
DA:123,2
DA:126,1
DA:127,5
DA:128,2
DA:129,2
DA:130,7
DA:131,1
DA:134,1
DA:135,2
DA:136,7
DA:138,1
DA:139,5
DA:140,2
DA:141,1
DA:142,2
DA:145,2
DA:146,1
DA:148,1
DA:149,1
DA:152,1
DA:155,6
DA:161,3
DA:171,3
DA:172,6
DA:174,4
DA:175,1
DA:178,3
DA:179,3
DA:181,3
DA:183,3
DA:188,6
DA:189,3
DA:190,6
DA:191,18
DA:192,3
DA:194,3
DA:195,3
DA:198,1
DA:199,5
DA:200,2
DA:201,2
DA:202,1
DA:203,2
DA:204,5
DA:205,1
DA:207,1
DA:208,1
DA:211,2
DA:212,12
DA:213,4
DA:214,14
DA:215,2
DA:216,2
DA:219,1
DA:220,1
DA:221,3
DA:222,5
DA:223,1
DA:224,1
DA:225,1
DA:229,1
DA:231,5
DA:237,6
DA:238,6
DA:241,6
DA:242,4
DA:243,4
DA:245,6
DA:249,12
DA:250,4
DA:251,4
DA:252,6
DA:253,6
DA:254,7
DA:257,8
DA:258,7
DA:260,2
DA:261,2
DA:262,6
DA:263,2
DA:264,3
DA:265,2
DA:266,3
DA:267,2
DA:268,6
LF:140
LH:140
end_of_record
SF:lib/models/note_colors.dart
DA:21,3
DA:22,2
DA:24,4
LF:3
LH:3
end_of_record
SF:lib/note_detail_page.dart
DA:13,3
DA:21,2
DA:28,2
DA:29,2
DA:42,2
DA:44,2
DA:45,9
DA:46,4
DA:47,7
DA:50,7
DA:51,6
DA:52,11
DA:53,7
DA:54,7
DA:57,2
DA:59,4
DA:60,4
DA:61,2
DA:65,1
DA:66,2
DA:67,3
DA:71,1
DA:72,1
DA:73,1
DA:74,1
DA:75,1
DA:76,1
DA:77,1
DA:78,1
DA:79,1
DA:80,2
DA:81,1
DA:82,1
DA:84,1
DA:85,1
DA:87,1
DA:88,1
DA:89,1
DA:91,1
DA:92,2
DA:94,4
DA:95,2
DA:96,1
DA:101,1
DA:102,1
DA:104,4
DA:105,2
DA:106,1
DA:111,1
DA:113,3
DA:114,1
DA:115,1
DA:116,1
DA:117,2
DA:118,2
DA:120,2
DA:123,1
DA:128,1
DA:129,1
DA:130,3
DA:131,2
DA:141,0
DA:142,0
DA:143,0
DA:144,0
DA:145,0
DA:146,0
DA:147,0
DA:148,0
DA:151,0
DA:152,0
DA:153,0
DA:154,0
DA:155,0
DA:156,0
DA:157,0
DA:159,0
DA:162,0
DA:163,0
DA:165,0
DA:167,0
DA:173,0
DA:179,0
DA:186,0
DA:187,0
DA:188,0
DA:189,0
DA:190,0
DA:191,0
DA:192,0
DA:193,0
DA:194,0
DA:196,0
DA:197,0
DA:198,0
DA:200,0
DA:201,0
DA:204,0
DA:205,0
DA:208,0
DA:209,0
DA:210,0
DA:213,0
DA:214,0
DA:215,0
DA:217,0
DA:218,0
DA:221,0
DA:222,0
DA:225,0
DA:226,0
DA:227,0
DA:239,1
DA:240,1
DA:241,1
DA:243,2
DA:244,2
DA:245,4
DA:246,2
DA:249,3
DA:250,2
DA:251,2
DA:254,4
DA:255,1
DA:260,2
DA:261,1
DA:262,1
DA:263,1
DA:264,2
DA:273,2
DA:274,1
DA:275,1
DA:276,2
DA:283,3
DA:284,2
DA:287,1
DA:288,1
DA:289,1
DA:290,1
DA:292,1
DA:294,1
DA:295,1
DA:296,1
DA:297,3
DA:304,2
DA:306,2
DA:307,2
DA:309,1
DA:313,0
DA:315,2
DA:316,2
DA:317,2
DA:318,2
DA:319,2
DA:320,2
DA:323,6
DA:324,6
DA:326,2
DA:328,2
DA:329,2
DA:331,2
DA:332,2
DA:333,2
DA:334,4
DA:335,2
DA:337,2
DA:338,2
DA:340,2
DA:342,2
DA:343,2
DA:344,2
DA:345,0
DA:347,2
DA:349,2
DA:350,5
DA:351,4
DA:352,0
DA:354,2
DA:355,5
DA:356,4
DA:357,0
DA:362,2
DA:364,2
DA:365,4
DA:368,2
DA:369,4
DA:370,1
DA:372,3
DA:373,1
DA:374,1
DA:375,1
DA:376,1
DA:377,2
DA:378,1
DA:380,1
DA:381,1
DA:383,6
DA:384,1
DA:386,1
DA:387,1
DA:388,3
DA:395,1
DA:397,3
DA:400,2
DA:402,2
DA:408,2
DA:410,2
DA:411,2
DA:413,2
DA:414,2
DA:415,2
DA:416,2
DA:417,6
DA:446,2
DA:447,2
DA:448,2
DA:449,2
DA:450,2
DA:451,8
DA:459,4
DA:460,2
DA:461,2
DA:462,2
DA:463,2
DA:464,2
DA:466,6
LF:226
LH:171
end_of_record
SF:lib/widgets/dialogs.dart
DA:8,2
DA:9,2
DA:10,2
DA:12,2
DA:13,2
DA:14,4
DA:15,4
DA:16,2
DA:17,2
DA:18,3
DA:19,4
DA:21,2
DA:22,6
DA:23,2
DA:24,2
DA:25,8
DA:35,1
DA:36,1
DA:37,2
DA:38,1
DA:39,2
DA:40,1
DA:41,1
DA:42,0
LF:24
LH:23
end_of_record
SF:lib/widgets/note_list.dart
DA:17,2
DA:25,0
DA:26,0
DA:27,0
DA:29,0
DA:32,0
DA:33,0
DA:37,2
DA:39,2
DA:41,2
DA:42,2
DA:44,18
DA:46,8
DA:48,3
DA:51,2
DA:52,4
DA:53,2
DA:54,4
DA:55,4
DA:56,2
DA:57,4
DA:62,0
DA:63,0
DA:65,0
DA:66,0
DA:67,0
DA:68,0
DA:69,0
DA:73,0
DA:75,0
DA:81,2
DA:82,2
DA:85,2
DA:86,2
DA:87,2
DA:88,2
DA:92,2
DA:93,6
DA:103,2
DA:104,2
DA:107,2
DA:109,2
DA:110,2
DA:111,2
DA:122,2
DA:123,0
DA:124,2
DA:125,2
DA:127,2
DA:130,0
DA:132,0
DA:140,2
DA:141,2
DA:142,4
DA:143,0
DA:146,2
DA:148,2
DA:149,2
DA:151,2
DA:152,2
DA:153,2
DA:154,7
DA:155,8
DA:161,4
DA:163,2
DA:166,6
DA:171,9
DA:173,1
DA:174,2
DA:177,4
DA:178,3
DA:183,6
DA:185,0
DA:188,0
DA:189,0
DA:191,0
DA:192,0
DA:193,0
DA:195,0
DA:197,0
DA:198,0
DA:203,0
DA:206,2
DA:207,2
DA:208,2
DA:209,2
DA:210,4
DA:211,8
DA:212,6
DA:215,2
DA:217,0
DA:220,0
DA:223,0
DA:224,0
DA:225,0
DA:226,0
LF:96
LH:61
end_of_record
SF:lib/widgets/folders_dialog.dart
DA:10,1
DA:12,1
DA:13,1
DA:19,3
DA:21,1
DA:23,2
DA:24,1
DA:27,1
DA:28,3
DA:29,1
DA:30,2
DA:31,2
DA:32,2
DA:36,0
DA:37,0
DA:38,0
DA:39,0
DA:40,0
DA:41,0
DA:42,0
DA:43,0
DA:46,0
DA:48,0
DA:49,0
DA:50,0
DA:51,0
DA:53,0
DA:54,0
DA:55,0
DA:60,0
DA:61,0
DA:62,0
DA:66,0
DA:67,0
DA:68,0
DA:69,0
DA:70,0
DA:71,0
DA:72,0
DA:73,0
DA:74,0
DA:75,0
DA:76,0
DA:78,0
DA:79,0
DA:80,0
DA:81,0
DA:82,0
DA:88,0
DA:89,0
DA:90,0
DA:94,1
DA:96,1
DA:97,1
DA:98,2
DA:99,1
DA:100,4
DA:102,1
DA:103,1
DA:105,1
DA:106,1
DA:107,1
DA:108,1
DA:109,1
DA:110,1
DA:112,1
DA:115,0
DA:119,1
DA:120,1
DA:122,2
DA:123,3
DA:126,2
DA:127,2
DA:130,1
DA:131,2
DA:132,2
DA:136,1
DA:137,1
DA:139,3
DA:140,3
DA:143,2
DA:144,3
DA:147,1
DA:148,2
DA:149,2
DA:152,4
DA:153,1
DA:154,1
DA:156,4
DA:157,3
DA:160,2
DA:161,4
DA:164,0
DA:165,0
DA:166,0
DA:168,1
DA:169,0
DA:170,0
DA:171,0
DA:173,0
DA:174,0
DA:175,0
DA:176,0
DA:177,0
DA:187,1
DA:188,1
DA:189,3
DA:190,2
LF:108
LH:58
end_of_record
SF:lib/models/folder_adapter.dart
DA:9,1
DA:11,1
DA:12,1
DA:13,2
DA:14,1
DA:15,2
DA:17,1
DA:18,1
DA:19,1
DA:20,2
DA:24,1
DA:26,1
DA:27,1
DA:28,2
DA:29,1
DA:30,2
DA:31,1
DA:32,3
DA:35,1
DA:36,2
DA:38,1
DA:41,1
DA:42,3
DA:43,3
LF:24
LH:24
end_of_record
